<testsuite name="open_browser.Abrir el navegador" tests="1" errors="0" failures="1" skipped="0" time="0.844485" timestamp="2025-03-21T02:24:08.103222" hostname="Daniel"><testcase classname="open_browser.Abrir el navegador" name="Abrir Chrome y verificar que la página carga" status="failed" time="0.844485"><failure type="AssertionError" message="La página no cargó correctamente">
<![CDATA[
Failing step: Then la página debe cargarse correctamente ... failed in 0.028s
Location: tests/features/open_browser.feature:5
Assertion Failed: La página no cargó correctamente]]>
</failure><system-out>
<![CDATA[
@scenario.begin
  Scenario: Abrir Chrome y verificar que la página carga
    Given el usuario abre el navegador ... passed in 0.816s
    Then la página debe cargarse correctamente ... failed in 0.028s

@scenario.end
--------------------------------------------------------------------------------
]]>
</system-out></testcase></testsuite>